<?xml version="1.0" encoding="UTF-8"?>
<!-- Generated by org.testng.reporters.JUnitReportReporter -->
<testsuite hostname="YCSPC009" name="com.qa.tests.GetApiTest" tests="1" failures="0" timestamp="22 Jul 2020 03:41:52 GMT" time="2.664" errors="0">
  <testcase name="getAPITest" time="2.664" classname="com.qa.tests.GetApiTest"/>
</testsuite> <!-- com.qa.tests.GetApiTest -->
